<?xml version="1.0" encoding="UTF-8"?>
<!-- Generated by org.testng.reporters.JUnitReportReporter -->
<testsuite skipped="0" hostname="GVG55" name="MavenBeginner.MavenJava.AppiumTest" tests="2" failures="0" timestamp="26 Aug 2020 14:28:54 GMT" time="0.128" errors="0">
  <testcase name="NavtiveApp" time="0.070" classname="MavenBeginner.MavenJava.AppiumTest"/>
  <testcase name="IosApp" time="0.058" classname="MavenBeginner.MavenJava.AppiumTest"/>
</testsuite> <!-- MavenBeginner.MavenJava.AppiumTest -->
